{"/Users/ivan/Desktop/pokeapi/src/App.jsx": {"path":"/Users/ivan/Desktop/pokeapi/src/App.jsx","statementMap":{"0":{"start":{"line":5,"column":2},"end":{"line":7,"column":4}}},"fnMap":{"0":{"name":"App","decl":{"start":{"line":4,"column":9},"end":{"line":4,"column":12}},"loc":{"start":{"line":4,"column":15},"end":{"line":8,"column":1}},"line":4}},"branchMap":{},"s":{"0":2},"f":{"0":2},"b":{},"_coverageSchema":"1a1c01bbd47fc00a2c39e90264f33305004495a9","hash":"e597297bd590e9aca70e04594c33f4b8f190e13b"}
,"/Users/ivan/Desktop/pokeapi/src/index.jsx": {"path":"/Users/ivan/Desktop/pokeapi/src/index.jsx","statementMap":{"0":{"start":{"line":7,"column":14},"end":{"line":7,"column":30}},"1":{"start":{"line":9,"column":0},"end":{"line":16,"column":2}}},"fnMap":{},"branchMap":{},"s":{"0":0,"1":0},"f":{},"b":{}}
,"/Users/ivan/Desktop/pokeapi/src/components/PokemonListItem/pokemonListItem.jsx": {"path":"/Users/ivan/Desktop/pokeapi/src/components/PokemonListItem/pokemonListItem.jsx","statementMap":{"0":{"start":{"line":8,"column":44},"end":{"line":8,"column":67}},"1":{"start":{"line":9,"column":2},"end":{"line":24,"column":4}},"2":{"start":{"line":11,"column":25},"end":{"line":11,"column":55}},"3":{"start":{"line":12,"column":24},"end":{"line":12,"column":55}}},"fnMap":{"0":{"name":"PokemonListItem","decl":{"start":{"line":7,"column":24},"end":{"line":7,"column":39}},"loc":{"start":{"line":7,"column":54},"end":{"line":25,"column":1}},"line":7},"1":{"name":"(anonymous_1)","decl":{"start":{"line":11,"column":19},"end":{"line":11,"column":20}},"loc":{"start":{"line":11,"column":25},"end":{"line":11,"column":55}},"line":11},"2":{"name":"(anonymous_2)","decl":{"start":{"line":12,"column":18},"end":{"line":12,"column":19}},"loc":{"start":{"line":12,"column":24},"end":{"line":12,"column":55}},"line":12}},"branchMap":{},"s":{"0":0,"1":0,"2":0,"3":0},"f":{"0":0,"1":0,"2":0},"b":{},"_coverageSchema":"1a1c01bbd47fc00a2c39e90264f33305004495a9","hash":"6998fa0a8732b4212bc193fdc3df5fd8ab704f60"}
,"/Users/ivan/Desktop/pokeapi/src/redux/configureStore.js": {"path":"/Users/ivan/Desktop/pokeapi/src/redux/configureStore.js","statementMap":{"0":{"start":{"line":6,"column":27},"end":{"line":6,"column":81}},"1":{"start":{"line":8,"column":2},"end":{"line":12,"column":4}}},"fnMap":{"0":{"name":"configureStore","decl":{"start":{"line":5,"column":24},"end":{"line":5,"column":38}},"loc":{"start":{"line":5,"column":53},"end":{"line":13,"column":1}},"line":5}},"branchMap":{"0":{"loc":{"start":{"line":6,"column":27},"end":{"line":6,"column":81}},"type":"binary-expr","locations":[{"start":{"line":6,"column":27},"end":{"line":6,"column":70}},{"start":{"line":6,"column":74},"end":{"line":6,"column":81}}],"line":6}},"s":{"0":0,"1":0},"f":{"0":0},"b":{"0":[0,0]}}
,"/Users/ivan/Desktop/pokeapi/src/redux/actions/actionTypes.js": {"path":"/Users/ivan/Desktop/pokeapi/src/redux/actions/actionTypes.js","statementMap":{"0":{"start":{"line":1,"column":20},"end":{"line":4,"column":1}}},"fnMap":{},"branchMap":{},"s":{"0":1},"f":{},"b":{},"_coverageSchema":"1a1c01bbd47fc00a2c39e90264f33305004495a9","hash":"76f11d137747d4234c82f35ff37983fce32052e4"}
,"/Users/ivan/Desktop/pokeapi/src/redux/actions/appActions.js": {"path":"/Users/ivan/Desktop/pokeapi/src/redux/actions/appActions.js","statementMap":{"0":{"start":{"line":5,"column":2},"end":{"line":8,"column":4}},"1":{"start":{"line":12,"column":2},"end":{"line":15,"column":4}},"2":{"start":{"line":19,"column":2},"end":{"line":27,"column":4}},"3":{"start":{"line":20,"column":25},"end":{"line":20,"column":79}},"4":{"start":{"line":21,"column":4},"end":{"line":26,"column":5}},"5":{"start":{"line":22,"column":23},"end":{"line":22,"column":52}},"6":{"start":{"line":23,"column":6},"end":{"line":23,"column":55}},"7":{"start":{"line":25,"column":6},"end":{"line":25,"column":33}}},"fnMap":{"0":{"name":"loadPokemonList","decl":{"start":{"line":4,"column":16},"end":{"line":4,"column":31}},"loc":{"start":{"line":4,"column":45},"end":{"line":9,"column":1}},"line":4},"1":{"name":"loadError","decl":{"start":{"line":11,"column":16},"end":{"line":11,"column":25}},"loc":{"start":{"line":11,"column":33},"end":{"line":16,"column":1}},"line":11},"2":{"name":"requestPokemonList","decl":{"start":{"line":18,"column":16},"end":{"line":18,"column":34}},"loc":{"start":{"line":18,"column":37},"end":{"line":28,"column":1}},"line":18},"3":{"name":"(anonymous_3)","decl":{"start":{"line":19,"column":9},"end":{"line":19,"column":10}},"loc":{"start":{"line":19,"column":29},"end":{"line":27,"column":3}},"line":19}},"branchMap":{},"s":{"0":0,"1":0,"2":0,"3":0,"4":0,"5":0,"6":0,"7":0},"f":{"0":0,"1":0,"2":0,"3":0},"b":{},"_coverageSchema":"1a1c01bbd47fc00a2c39e90264f33305004495a9","hash":"97896b25d70318a146f6c02cdd927cbb1f3153e5"}
,"/Users/ivan/Desktop/pokeapi/src/redux/reducers/index.js": {"path":"/Users/ivan/Desktop/pokeapi/src/redux/reducers/index.js","statementMap":{"0":{"start":{"line":4,"column":20},"end":{"line":4,"column":52}}},"fnMap":{},"branchMap":{},"s":{"0":0},"f":{},"b":{}}
,"/Users/ivan/Desktop/pokeapi/src/redux/reducers/pokeReducer.js": {"path":"/Users/ivan/Desktop/pokeapi/src/redux/reducers/pokeReducer.js","statementMap":{"0":{"start":{"line":5,"column":2},"end":{"line":13,"column":3}},"1":{"start":{"line":7,"column":6},"end":{"line":7,"column":67}},"2":{"start":{"line":8,"column":6},"end":{"line":8,"column":12}},"3":{"start":{"line":11,"column":6},"end":{"line":11,"column":27}},"4":{"start":{"line":12,"column":6},"end":{"line":12,"column":12}},"5":{"start":{"line":15,"column":2},"end":{"line":15,"column":22}}},"fnMap":{"0":{"name":"pokeReducer","decl":{"start":{"line":3,"column":24},"end":{"line":3,"column":35}},"loc":{"start":{"line":3,"column":56},"end":{"line":16,"column":1}},"line":3}},"branchMap":{"0":{"loc":{"start":{"line":3,"column":36},"end":{"line":3,"column":46}},"type":"default-arg","locations":[{"start":{"line":3,"column":44},"end":{"line":3,"column":46}}],"line":3},"1":{"loc":{"start":{"line":5,"column":2},"end":{"line":13,"column":3}},"type":"switch","locations":[{"start":{"line":6,"column":4},"end":{"line":8,"column":12}},{"start":{"line":9,"column":4},"end":{"line":9,"column":32}},{"start":{"line":10,"column":4},"end":{"line":12,"column":12}}],"line":5}},"s":{"0":0,"1":0,"2":0,"3":0,"4":0,"5":0},"f":{"0":0},"b":{"0":[0],"1":[0,0,0]}}
,"/Users/ivan/Desktop/pokeapi/src/views/pokemonList.jsx/PokemonList.jsx": {"path":"/Users/ivan/Desktop/pokeapi/src/views/pokemonList.jsx/PokemonList.jsx","statementMap":{"0":{"start":{"line":11,"column":2},"end":{"line":15,"column":20}},"1":{"start":{"line":12,"column":4},"end":{"line":14,"column":5}},"2":{"start":{"line":13,"column":6},"end":{"line":13,"column":37}},"3":{"start":{"line":17,"column":2},"end":{"line":28,"column":4}},"4":{"start":{"line":23,"column":12},"end":{"line":23,"column":74}},"5":{"start":{"line":32,"column":2},"end":{"line":34,"column":4}}},"fnMap":{"0":{"name":"PokemonList","decl":{"start":{"line":10,"column":9},"end":{"line":10,"column":20}},"loc":{"start":{"line":10,"column":48},"end":{"line":29,"column":1}},"line":10},"1":{"name":"(anonymous_1)","decl":{"start":{"line":11,"column":12},"end":{"line":11,"column":13}},"loc":{"start":{"line":11,"column":18},"end":{"line":15,"column":3}},"line":11},"2":{"name":"(anonymous_2)","decl":{"start":{"line":22,"column":42},"end":{"line":22,"column":43}},"loc":{"start":{"line":23,"column":12},"end":{"line":23,"column":74}},"line":23},"3":{"name":"mapStateToProps","decl":{"start":{"line":31,"column":9},"end":{"line":31,"column":24}},"loc":{"start":{"line":31,"column":42},"end":{"line":35,"column":1}},"line":31}},"branchMap":{"0":{"loc":{"start":{"line":12,"column":4},"end":{"line":14,"column":5}},"type":"if","locations":[{"start":{"line":12,"column":4},"end":{"line":14,"column":5}},{"start":{"line":12,"column":4},"end":{"line":14,"column":5}}],"line":12},"1":{"loc":{"start":{"line":12,"column":8},"end":{"line":12,"column":44}},"type":"binary-expr","locations":[{"start":{"line":12,"column":8},"end":{"line":12,"column":20}},{"start":{"line":12,"column":24},"end":{"line":12,"column":44}}],"line":12},"2":{"loc":{"start":{"line":22,"column":11},"end":{"line":24,"column":12}},"type":"binary-expr","locations":[{"start":{"line":22,"column":11},"end":{"line":22,"column":22}},{"start":{"line":22,"column":26},"end":{"line":24,"column":12}}],"line":22}},"s":{"0":0,"1":0,"2":0,"3":0,"4":0,"5":0},"f":{"0":0,"1":0,"2":0,"3":0},"b":{"0":[0,0],"1":[0,0],"2":[0,0]},"_coverageSchema":"1a1c01bbd47fc00a2c39e90264f33305004495a9","hash":"74b8c21919f880237e5d379aac423f58c81fba90"}
}
