TN:
SF:src/App.jsx
FN:4,App
FNF:1
FNH:1
FNDA:2,App
DA:5,2
LF:1
LH:1
BRF:0
BRH:0
end_of_record
TN:
SF:src/index.jsx
FNF:0
FNH:0
DA:7,0
DA:9,0
LF:2
LH:0
BRF:0
BRH:0
end_of_record
TN:
SF:src/components/PokemonListItem/pokemonListItem.jsx
FN:7,PokemonListItem
FN:11,(anonymous_1)
FN:12,(anonymous_2)
FNF:3
FNH:0
FNDA:0,PokemonListItem
FNDA:0,(anonymous_1)
FNDA:0,(anonymous_2)
DA:8,0
DA:9,0
DA:11,0
DA:12,0
LF:4
LH:0
BRF:0
BRH:0
end_of_record
TN:
SF:src/redux/configureStore.js
FN:5,configureStore
FNF:1
FNH:0
FNDA:0,configureStore
DA:6,0
DA:8,0
LF:2
LH:0
BRDA:6,0,0,0
BRDA:6,0,1,0
BRF:2
BRH:0
end_of_record
TN:
SF:src/redux/actions/actionTypes.js
FNF:0
FNH:0
DA:1,1
LF:1
LH:1
BRF:0
BRH:0
end_of_record
TN:
SF:src/redux/actions/appActions.js
FN:4,loadPokemonList
FN:11,loadError
FN:18,requestPokemonList
FN:19,(anonymous_3)
FNF:4
FNH:0
FNDA:0,loadPokemonList
FNDA:0,loadError
FNDA:0,requestPokemonList
FNDA:0,(anonymous_3)
DA:5,0
DA:12,0
DA:19,0
DA:20,0
DA:21,0
DA:22,0
DA:23,0
DA:25,0
LF:8
LH:0
BRF:0
BRH:0
end_of_record
TN:
SF:src/redux/reducers/index.js
FNF:0
FNH:0
DA:4,0
LF:1
LH:0
BRF:0
BRH:0
end_of_record
TN:
SF:src/redux/reducers/pokeReducer.js
FN:3,pokeReducer
FNF:1
FNH:0
FNDA:0,pokeReducer
DA:5,0
DA:7,0
DA:8,0
DA:11,0
DA:12,0
DA:15,0
LF:6
LH:0
BRDA:3,0,0,0
BRDA:5,1,0,0
BRDA:5,1,1,0
BRDA:5,1,2,0
BRF:4
BRH:0
end_of_record
TN:
SF:src/views/pokemonList.jsx/PokemonList.jsx
FN:10,PokemonList
FN:11,(anonymous_1)
FN:22,(anonymous_2)
FN:31,mapStateToProps
FNF:4
FNH:0
FNDA:0,PokemonList
FNDA:0,(anonymous_1)
FNDA:0,(anonymous_2)
FNDA:0,mapStateToProps
DA:11,0
DA:12,0
DA:13,0
DA:17,0
DA:23,0
DA:32,0
LF:6
LH:0
BRDA:12,0,0,0
BRDA:12,0,1,0
BRDA:12,1,0,0
BRDA:12,1,1,0
BRDA:22,2,0,0
BRDA:22,2,1,0
BRF:6
BRH:0
end_of_record
